[ 2024-06-15 14:27:46,332 ] 29 root - INFO - Numerical data preprocessing: 
[ 2024-06-15 14:27:46,334 ] 34 root - INFO - Categorical data preprocessing 
[ 2024-06-15 14:27:46,336 ] 14 root - INFO - Data split :
Data column : Index(['rate', 'income_per_month', 'subject_CS', 'subject_EE(Electrical )',
       'subject_EE(Electronic)', 'subject_ME'],
      dtype='object')
Test size : 0.3
[ 2024-06-15 14:27:46,337 ] 19 root - INFO - Data split done
[ 2024-06-15 14:27:46,337 ] 14 root - INFO - Data split :
Data column : Index(['rate', 'income_per_month', 'subject_CS', 'subject_EE(Electrical )',
       'subject_EE(Electronic)', 'subject_ME'],
      dtype='object')
Test size : 0.2
[ 2024-06-15 14:27:46,338 ] 19 root - INFO - Data split done
[ 2024-06-15 14:27:46,340 ] 95 root - INFO - Model training list started

[ 2024-06-15 14:27:46,340 ] 98 root - INFO - Model name : Random Forest classifier
[ 2024-06-15 14:27:46,341 ] 30 root - INFO - Model building started for model : RandomForestClassifier()
[ 2024-06-15 14:27:46,429 ] 36 root - INFO - Model fitting done
[ 2024-06-15 14:27:46,430 ] 53 root - INFO - Model evaluation returned
[ 2024-06-15 14:27:46,437 ] 107 root - INFO - Model score : 0.6666666666666666

[ 2024-06-15 14:27:46,437 ] 98 root - INFO - Model name : Decision Tree
[ 2024-06-15 14:27:46,437 ] 30 root - INFO - Model building started for model : DecisionTreeClassifier()
[ 2024-06-15 14:27:46,439 ] 36 root - INFO - Model fitting done
[ 2024-06-15 14:27:46,439 ] 53 root - INFO - Model evaluation returned
[ 2024-06-15 14:27:46,441 ] 107 root - INFO - Model score : 1.0

[ 2024-06-15 14:27:46,441 ] 109 root - INFO - Model training list done
score:{'Random Forest classifier': 0.6666666666666666, 'Decision Tree': 1.0}
[ 2024-06-15 14:27:46,441 ] 117 root - INFO - choose model :DecisionTreeClassifier()
[ 2024-06-15 14:27:46,441 ] 119 root - INFO - Model training done

[ 2024-06-15 14:27:46,442 ] 20 root - ERROR - 
Error occured in python script name: D:\project_DIY\predict.py
line number: 43
error message: choose_model.save_model() missing 1 required positional argument: 'model_name'
