[ 2024-06-14 12:01:38,688 ] 14 root - INFO - Data split :
Data column : Index(['rate', 'income_per_month', 'subject_CS', 'subject_EE(Electrical )',
       'subject_EE(Electronic)', 'subject_ME'],
      dtype='object')
Test size : 0.3
[ 2024-06-14 12:01:38,689 ] 19 root - INFO - Data split done
[ 2024-06-14 12:01:38,707 ] 47 root - INFO - X_train :
        rate  income_per_month  subject_CS  subject_EE(Electrical )  subject_EE(Electronic)  subject_ME
11  1.300665          1.535624         0.0                      0.0                     0.0         1.0
3  -1.300665         -0.558925         0.0                      0.0                     0.0         1.0
18 -1.127243          0.766757         0.0                      0.0                     1.0         0.0
16  0.953821         -0.717603         0.0                      0.0                     0.0         1.0
13  0.086711         -1.147716         0.0                      0.0                     0.0         1.0
2   1.127243         -0.977017         0.0                      0.0                     1.0         0.0
9  -1.474087          1.110439         0.0                      1.0                     0.0         0.0
19 -0.260133         -1.291488         1.0                      0.0                     0.0         0.0
4  -0.433555          1.143377         0.0                      0.0                     0.0         1.0
12 -0.606977          0.472001         1.0                      0.0                     0.0         0.0
7  -0.086711         -1.428288         0.0                      0.0                     0.0         1.0
10 -1.647509         -1.719798         1.0                      0.0                     0.0         0.0
14  0.433555         -0.355889         0.0                      1.0                     0.0         0.0
6   0.606977          1.494632         0.0                      1.0                     0.0         0.0
[ 2024-06-14 12:01:38,717 ] 48 root - INFO - X_test :
        rate  income_per_month  subject_CS  subject_EE(Electrical )  subject_EE(Electronic)  subject_ME
0   0.260133          0.122789         1.0                      0.0                     0.0         0.0
17  1.474087          0.041407         0.0                      1.0                     0.0         0.0
15  0.780399          1.058508         0.0                      0.0                     1.0         0.0
1  -0.953821          0.765315         1.0                      0.0                     0.0         0.0
8   1.647509          0.286275         0.0                      0.0                     1.0         0.0
5  -0.780399         -0.600398         1.0                      0.0                     0.0         0.0
[ 2024-06-14 12:01:38,729 ] 49 root - INFO - y_train :
    subject_CS  subject_EE(Electrical )  subject_EE(Electronic)  subject_ME
11         0.0                      0.0                     0.0         1.0
3          0.0                      0.0                     0.0         1.0
18         0.0                      0.0                     1.0         0.0
16         0.0                      0.0                     0.0         1.0
13         0.0                      0.0                     0.0         1.0
2          0.0                      0.0                     1.0         0.0
9          0.0                      1.0                     0.0         0.0
19         1.0                      0.0                     0.0         0.0
4          0.0                      0.0                     0.0         1.0
12         1.0                      0.0                     0.0         0.0
7          0.0                      0.0                     0.0         1.0
10         1.0                      0.0                     0.0         0.0
14         0.0                      1.0                     0.0         0.0
6          0.0                      1.0                     0.0         0.0
[ 2024-06-14 12:01:38,739 ] 50 root - INFO - y_test :
    subject_CS  subject_EE(Electrical )  subject_EE(Electronic)  subject_ME
0          1.0                      0.0                     0.0         0.0
17         0.0                      1.0                     0.0         0.0
15         0.0                      0.0                     1.0         0.0
1          1.0                      0.0                     0.0         0.0
8          0.0                      0.0                     1.0         0.0
5          1.0                      0.0                     0.0         0.0
[ 2024-06-14 12:01:38,749 ] 75 root - INFO - model evaluate success:1.0
