[ 2024-06-15 14:29:38,335 ] 29 root - INFO - Numerical data preprocessing: 
[ 2024-06-15 14:29:38,337 ] 34 root - INFO - Categorical data preprocessing 
[ 2024-06-15 14:29:38,338 ] 14 root - INFO - Data split :
Data column : Index(['rate', 'income_per_month', 'subject_CS', 'subject_EE(Electrical )',
       'subject_EE(Electronic)', 'subject_ME'],
      dtype='object')
Test size : 0.3
[ 2024-06-15 14:29:38,339 ] 19 root - INFO - Data split done
[ 2024-06-15 14:29:38,339 ] 14 root - INFO - Data split :
Data column : Index(['rate', 'income_per_month', 'subject_CS', 'subject_EE(Electrical )',
       'subject_EE(Electronic)', 'subject_ME'],
      dtype='object')
Test size : 0.2
[ 2024-06-15 14:29:38,340 ] 19 root - INFO - Data split done
[ 2024-06-15 14:29:38,341 ] 95 root - INFO - Model training list started

[ 2024-06-15 14:29:38,341 ] 98 root - INFO - Model name : Random Forest classifier
[ 2024-06-15 14:29:38,342 ] 30 root - INFO - Model building started for model : RandomForestClassifier()
[ 2024-06-15 14:29:38,411 ] 36 root - INFO - Model fitting done
[ 2024-06-15 14:29:38,412 ] 53 root - INFO - Model evaluation returned
[ 2024-06-15 14:29:38,416 ] 107 root - INFO - Model score : 0.6666666666666666

[ 2024-06-15 14:29:38,416 ] 98 root - INFO - Model name : Decision Tree
[ 2024-06-15 14:29:38,417 ] 30 root - INFO - Model building started for model : DecisionTreeClassifier()
[ 2024-06-15 14:29:38,418 ] 36 root - INFO - Model fitting done
[ 2024-06-15 14:29:38,418 ] 53 root - INFO - Model evaluation returned
[ 2024-06-15 14:29:38,420 ] 107 root - INFO - Model score : 0.6666666666666666

[ 2024-06-15 14:29:38,420 ] 109 root - INFO - Model training list done
score:{'Random Forest classifier': 0.6666666666666666, 'Decision Tree': 0.6666666666666666}
[ 2024-06-15 14:29:38,420 ] 117 root - INFO - choose model :RandomForestClassifier()
[ 2024-06-15 14:29:38,420 ] 119 root - INFO - Model training done

[ 2024-06-15 14:29:38,460 ] 87 root - INFO - Model saved : D:/project_DIY/model/Random Forest classifier.joblib

[ 2024-06-15 14:29:38,460 ] 45 root - INFO - model:RandomForestClassifier()
[ 2024-06-15 14:29:38,466 ] 46 root - INFO - model valid success:0.6666666666666666
[ 2024-06-15 14:29:38,471 ] 47 root - INFO - model test success:0.5
